<?xml version="1.0" encoding="UTF-8"?>
<!-- Generated by org.testng.reporters.JUnitReportReporter -->
<testsuite hostname="Anjarul-ThinkPadE15" failures="0" tests="1" name="com.shankar.testcases.ShankarFirstTest" time="11.387" errors="0" timestamp="2023-07-12T16:04:51 IST" skipped="0">
  <testcase classname="com.shankar.testcases.ShankarFirstTest" name="testResult" time="11.387"/>
  <system-out/>
</testsuite> <!-- com.shankar.testcases.ShankarFirstTest -->
